<?xml version="1.0" encoding="UTF-8"?>
<!-- Generated by org.testng.reporters.JUnitXMLReporter -->
<testsuite ignored="2" hostname="LAPTOP-QJKH35DA" failures="0" tests="4" name="Test" time="0.049" errors="0" timestamp="2024-09-14T14:08:48 IST">
  <testcase classname="Include_exclude_In_TsetNG.BusTicket" name="payment" time="0.007"/>
  <testcase classname="Include_exclude_In_TsetNG.BusTicket" name="Recept" time="0.001"/>
  <testcase classname="Include_exclude_In_TsetNG.TrainTicket" name="Ticket2" time="0.001"/>
  <testcase classname="Include_exclude_In_TsetNG.BoolAirTicket" name="AirTicket" time="0.003"/>
  <testcase classname="Include_exclude_In_TsetNG.BoolAirTicket" name="login" time="0.0">
    <ignored/>
  </testcase> <!-- login -->
  <testcase classname="Include_exclude_In_TsetNG.TrainTicket" name="Ticket" time="0.0">
    <ignored/>
  </testcase> <!-- Ticket -->
</testsuite> <!-- Test -->
