<?xml version="1.0" encoding="UTF-8"?>
<testng-results ignored="2" total="6" passed="4" failed="0" skipped="0">
  <reporter-output>
  </reporter-output>
  <suite started-at="2024-09-14T14:08:48 IST" name="Suite" finished-at="2024-09-14T14:08:48 IST" duration-ms="49">
    <groups>
    </groups>
    <test started-at="2024-09-14T14:08:48 IST" name="Test" finished-at="2024-09-14T14:08:48 IST" duration-ms="49">
      <class name="Include_exclude_In_TsetNG.BoolAirTicket">
        <test-method signature="AirTicket()[pri:0, instance:Include_exclude_In_TsetNG.BoolAirTicket@32502377]" started-at="2024-09-14T14:08:48 IST" name="AirTicket" finished-at="2024-09-14T14:08:48 IST" duration-ms="3" status="PASS">
          <reporter-output>
          </reporter-output>
        </test-method> <!-- AirTicket -->
      </class> <!-- Include_exclude_In_TsetNG.BoolAirTicket -->
      <class name="Include_exclude_In_TsetNG.TrainTicket">
        <test-method signature="Ticket2()[pri:0, instance:Include_exclude_In_TsetNG.TrainTicket@957e06]" started-at="2024-09-14T14:08:48 IST" name="Ticket2" finished-at="2024-09-14T14:08:48 IST" duration-ms="1" status="PASS">
          <reporter-output>
          </reporter-output>
        </test-method> <!-- Ticket2 -->
      </class> <!-- Include_exclude_In_TsetNG.TrainTicket -->
      <class name="Include_exclude_In_TsetNG.BusTicket">
        <test-method signature="payment()[pri:0, instance:Include_exclude_In_TsetNG.BusTicket@1b2abca6]" started-at="2024-09-14T14:08:48 IST" name="payment" finished-at="2024-09-14T14:08:48 IST" duration-ms="7" status="PASS">
          <reporter-output>
          </reporter-output>
        </test-method> <!-- payment -->
        <test-method signature="Recept()[pri:0, instance:Include_exclude_In_TsetNG.BusTicket@1b2abca6]" started-at="2024-09-14T14:08:48 IST" name="Recept" finished-at="2024-09-14T14:08:48 IST" duration-ms="1" status="PASS">
          <reporter-output>
          </reporter-output>
        </test-method> <!-- Recept -->
      </class> <!-- Include_exclude_In_TsetNG.BusTicket -->
    </test> <!-- Test -->
  </suite> <!-- Suite -->
</testng-results>
